<?xml version="1.0" encoding="UTF-8"?>
<!-- Generated by org.testng.reporters.JUnitReportReporter -->
<testsuite hostname="DESKTOP-0R31KCF" failures="0" tests="1" name="defualt_package.Test002" time="2.084" errors="0" timestamp="2020-10-27T02:06:09 EDT" skipped="0">
  <testcase classname="defualt_package.Test002" name="test1" time="2.084"/>
  <system-out/>
</testsuite> <!-- defualt_package.Test002 -->
