<?xml version="1.0" encoding="UTF-8"?>
<!-- Generated by org.testng.reporters.JUnitReportReporter -->
<testsuite hostname="DESKTOP-0R31KCF" failures="0" tests="1" name="defualt_package.test001" time="5.365" errors="0" timestamp="2020-10-22T00:37:20 EDT" skipped="0">
  <testcase classname="defualt_package.test001" name="test0001" time="5.365"/>
  <system-out/>
</testsuite> <!-- defualt_package.test001 -->
