<?xml version="1.0" encoding="UTF-8"?>
<!-- Generated by org.testng.reporters.JUnitReportReporter -->
<testsuite hostname="DESKTOP-0R31KCF" failures="0" tests="1" name="defualt_package.test001" time="9.025" errors="0" timestamp="2020-10-28T22:16:59 EDT" skipped="0">
  <testcase classname="defualt_package.test001" name="Test_003" time="9.025"/>
  <system-out/>
</testsuite> <!-- defualt_package.test001 -->
