<?xml version="1.0" encoding="UTF-8"?>
<!-- Generated by org.testng.reporters.JUnitReportReporter -->
<testsuite hostname="DESKTOP-0R31KCF" failures="0" tests="1" name="defualt_package.Test_post" time="1.638" errors="0" timestamp="2020-10-27T02:05:44 EDT" skipped="0">
  <testcase classname="defualt_package.Test_post" name="test1_post" time="1.638"/>
  <system-out/>
</testsuite> <!-- defualt_package.Test_post -->
